c:\users\rados\source\repos\practikum1\practikum1\debug\vc142.pdb
c:\users\rados\source\repos\practikum1\practikum1\debug\vc142.idb
c:\users\rados\source\repos\practikum1\practikum1\debug\task1.obj
c:\users\rados\source\repos\practikum1\practikum1\debug\task2.obj
c:\users\rados\source\repos\practikum1\practikum1\debug\practikum1.obj
c:\users\rados\source\repos\practikum1\debug\practikum1.pdb
c:\users\rados\source\repos\practikum1\practikum1\debug\practikum1.tlog\cl.command.1.tlog
c:\users\rados\source\repos\practikum1\practikum1\debug\practikum1.tlog\cl.read.1.tlog
c:\users\rados\source\repos\practikum1\practikum1\debug\practikum1.tlog\cl.write.1.tlog
c:\users\rados\source\repos\practikum1\practikum1\debug\practikum1.tlog\link-cvtres.read.1.tlog
c:\users\rados\source\repos\practikum1\practikum1\debug\practikum1.tlog\link-cvtres.write.1.tlog
c:\users\rados\source\repos\practikum1\practikum1\debug\practikum1.tlog\link-rc.read.1.tlog
c:\users\rados\source\repos\practikum1\practikum1\debug\practikum1.tlog\link-rc.write.1.tlog
c:\users\rados\source\repos\practikum1\practikum1\debug\practikum1.tlog\link.5204-cvtres.read.1.tlog
c:\users\rados\source\repos\practikum1\practikum1\debug\practikum1.tlog\link.5204-cvtres.write.1.tlog
c:\users\rados\source\repos\practikum1\practikum1\debug\practikum1.tlog\link.5204-rc.read.1.tlog
c:\users\rados\source\repos\practikum1\practikum1\debug\practikum1.tlog\link.5204-rc.write.1.tlog
c:\users\rados\source\repos\practikum1\practikum1\debug\practikum1.tlog\link.5204.read.1.tlog
c:\users\rados\source\repos\practikum1\practikum1\debug\practikum1.tlog\link.5204.write.1.tlog
c:\users\rados\source\repos\practikum1\practikum1\debug\practikum1.tlog\link.command.1.tlog
c:\users\rados\source\repos\practikum1\practikum1\debug\practikum1.tlog\link.read.1.tlog
c:\users\rados\source\repos\practikum1\practikum1\debug\practikum1.tlog\link.write.1.tlog
